<?xml version="1.0" encoding="UTF-8"?>
<testsuite name="com.tddacademy.zoo.model.EnclosureTest" tests="6" skipped="0" failures="0" errors="0" timestamp="2025-07-22T08:46:17" hostname="192.168.1.5" time="0.004">
  <properties/>
  <testcase name="Should create enclosure with null area" classname="com.tddacademy.zoo.model.EnclosureTest" time="0.001"/>
  <testcase name="Should throw exception when enclosure type is null" classname="com.tddacademy.zoo.model.EnclosureTest" time="0.001"/>
  <testcase name="Should throw exception when enclosure name is null" classname="com.tddacademy.zoo.model.EnclosureTest" time="0.0"/>
  <testcase name="Should create a valid Enclosure with all required fields" classname="com.tddacademy.zoo.model.EnclosureTest" time="0.0"/>
  <testcase name="Should throw exception when enclosure area is zero" classname="com.tddacademy.zoo.model.EnclosureTest" time="0.001"/>
  <testcase name="Should throw exception when enclosure area is negative" classname="com.tddacademy.zoo.model.EnclosureTest" time="0.0"/>
  <system-out><![CDATA[]]></system-out>
  <system-err><![CDATA[]]></system-err>
</testsuite>
